[0.400s] Invoking command in '/home/edwardneo/Documents/lidar-calibration/global_registration': PYTHONPATH=/home/edwardneo/Documents/lidar-calibration/build/global_registration/prefix_override:/home/edwardneo/Documents/lidar-calibration/install/global_registration/lib/python3.8/site-packages:${PYTHONPATH} /usr/bin/python3 setup.py egg_info --egg-base ../build/global_registration build --build-base /home/edwardneo/Documents/lidar-calibration/build/global_registration/build install --record /home/edwardneo/Documents/lidar-calibration/build/global_registration/install.log --install-scripts $base/lib/global_registration --single-version-externally-managed
[0.500s] running egg_info
[0.500s] creating ../build/global_registration/global_registration.egg-info
[0.500s] writing ../build/global_registration/global_registration.egg-info/PKG-INFO
[0.500s] writing dependency_links to ../build/global_registration/global_registration.egg-info/dependency_links.txt
[0.500s] writing entry points to ../build/global_registration/global_registration.egg-info/entry_points.txt
[0.500s] writing requirements to ../build/global_registration/global_registration.egg-info/requires.txt
[0.500s] writing top-level names to ../build/global_registration/global_registration.egg-info/top_level.txt
[0.506s] writing manifest file '../build/global_registration/global_registration.egg-info/SOURCES.txt'
[0.522s] reading manifest file '../build/global_registration/global_registration.egg-info/SOURCES.txt'
[0.522s] writing manifest file '../build/global_registration/global_registration.egg-info/SOURCES.txt'
[0.522s] running build
[0.523s] running build_py
[0.523s] creating /home/edwardneo/Documents/lidar-calibration/build/global_registration/build
[0.523s] creating /home/edwardneo/Documents/lidar-calibration/build/global_registration/build/lib
[0.523s] creating /home/edwardneo/Documents/lidar-calibration/build/global_registration/build/lib/global_registration
[0.523s] copying global_registration/calibration.py -> /home/edwardneo/Documents/lidar-calibration/build/global_registration/build/lib/global_registration
[0.523s] copying global_registration/__init__.py -> /home/edwardneo/Documents/lidar-calibration/build/global_registration/build/lib/global_registration
[0.523s] running install
[0.523s] running install_lib
[0.524s] creating /home/edwardneo/Documents/lidar-calibration/install/global_registration/lib/python3.8/site-packages/global_registration
[0.524s] copying /home/edwardneo/Documents/lidar-calibration/build/global_registration/build/lib/global_registration/calibration.py -> /home/edwardneo/Documents/lidar-calibration/install/global_registration/lib/python3.8/site-packages/global_registration
[0.524s] copying /home/edwardneo/Documents/lidar-calibration/build/global_registration/build/lib/global_registration/__init__.py -> /home/edwardneo/Documents/lidar-calibration/install/global_registration/lib/python3.8/site-packages/global_registration
[0.524s] byte-compiling /home/edwardneo/Documents/lidar-calibration/install/global_registration/lib/python3.8/site-packages/global_registration/calibration.py to calibration.cpython-38.pyc
[0.524s] byte-compiling /home/edwardneo/Documents/lidar-calibration/install/global_registration/lib/python3.8/site-packages/global_registration/__init__.py to __init__.cpython-38.pyc
[0.524s] running install_data
[0.525s] creating /home/edwardneo/Documents/lidar-calibration/install/global_registration/share/ament_index
[0.525s] creating /home/edwardneo/Documents/lidar-calibration/install/global_registration/share/ament_index/resource_index
[0.525s] creating /home/edwardneo/Documents/lidar-calibration/install/global_registration/share/ament_index/resource_index/packages
[0.525s] copying resource/global_registration -> /home/edwardneo/Documents/lidar-calibration/install/global_registration/share/ament_index/resource_index/packages
[0.525s] copying package.xml -> /home/edwardneo/Documents/lidar-calibration/install/global_registration/share/global_registration
[0.525s] running install_egg_info
[0.526s] Copying ../build/global_registration/global_registration.egg-info to /home/edwardneo/Documents/lidar-calibration/install/global_registration/lib/python3.8/site-packages/global_registration-0.0.0-py3.8.egg-info
[0.526s] running install_scripts
[0.534s] Installing calibration script to /home/edwardneo/Documents/lidar-calibration/install/global_registration/lib/global_registration
[0.535s] writing list of installed files to '/home/edwardneo/Documents/lidar-calibration/build/global_registration/install.log'
[0.545s] Invoked command in '/home/edwardneo/Documents/lidar-calibration/global_registration' returned '0': PYTHONPATH=/home/edwardneo/Documents/lidar-calibration/build/global_registration/prefix_override:/home/edwardneo/Documents/lidar-calibration/install/global_registration/lib/python3.8/site-packages:${PYTHONPATH} /usr/bin/python3 setup.py egg_info --egg-base ../build/global_registration build --build-base /home/edwardneo/Documents/lidar-calibration/build/global_registration/build install --record /home/edwardneo/Documents/lidar-calibration/build/global_registration/install.log --install-scripts $base/lib/global_registration --single-version-externally-managed
